2022-04-07 10:09:50.373 [restartedMain] INFO  c.t.registration.hosptial.ServiceHospApplication - Starting ServiceHospApplication on DESKTOP-M14Q764 with PID 3976 (E:\project2022\registration_parent\service\service_hospital\target\classes started by dell in E:\project2022\registration_parent)
2022-04-07 10:09:50.378 [restartedMain] INFO  c.t.registration.hosptial.ServiceHospApplication - The following profiles are active: dev
2022-04-07 10:09:50.474 [restartedMain] INFO  o.s.b.d.env.DevToolsPropertyDefaultsPostProcessor - Devtools property defaults active! Set 'spring.devtools.add-properties' to 'false' to disable
2022-04-07 10:09:50.475 [restartedMain] INFO  o.s.b.d.env.DevToolsPropertyDefaultsPostProcessor - For additional web related logging consider setting the 'logging.level.web' property to 'DEBUG'
2022-04-07 10:09:51.996 [restartedMain] INFO  o.s.d.r.config.RepositoryConfigurationDelegate - Multiple Spring Data modules found, entering strict repository configuration mode!
2022-04-07 10:09:52.000 [restartedMain] INFO  o.s.d.r.config.RepositoryConfigurationDelegate - Bootstrapping Spring Data repositories in DEFAULT mode.
2022-04-07 10:09:52.026 [restartedMain] INFO  o.s.d.r.config.RepositoryConfigurationDelegate - Finished Spring Data repository scanning in 15ms. Found 0 repository interfaces.
2022-04-07 10:09:52.311 [restartedMain] INFO  o.s.c.s.PostProcessorRegistrationDelegate$BeanPostProcessorChecker - Bean 'org.springframework.transaction.annotation.ProxyTransactionManagementConfiguration' of type [org.springframework.transaction.annotation.ProxyTransactionManagementConfiguration] is not eligible for getting processed by all BeanPostProcessors (for example: not eligible for auto-proxying)
2022-04-07 10:09:52.688 [restartedMain] INFO  o.s.boot.web.embedded.tomcat.TomcatWebServer - Tomcat initialized with port(s): 8201 (http)
2022-04-07 10:09:52.702 [restartedMain] INFO  org.apache.coyote.http11.Http11NioProtocol - Initializing ProtocolHandler ["http-nio-8201"]
2022-04-07 10:09:52.703 [restartedMain] INFO  org.apache.catalina.core.StandardService - Starting service [Tomcat]
2022-04-07 10:09:52.703 [restartedMain] INFO  org.apache.catalina.core.StandardEngine - Starting Servlet engine: [Apache Tomcat/9.0.27]
2022-04-07 10:09:52.832 [restartedMain] INFO  o.a.c.core.ContainerBase.[Tomcat].[localhost].[/] - Initializing Spring embedded WebApplicationContext
2022-04-07 10:09:52.833 [restartedMain] INFO  org.springframework.web.context.ContextLoader - Root WebApplicationContext: initialization completed in 2335 ms
2022-04-07 10:09:54.681 [restartedMain] INFO  s.d.s.w.PropertySourcedRequestMappingHandlerMapping - Mapped URL path [/v2/api-docs] onto method [springfox.documentation.swagger2.web.Swagger2Controller#getDocumentation(String, HttpServletRequest)]
2022-04-07 10:09:54.793 [restartedMain] INFO  o.s.scheduling.concurrent.ThreadPoolTaskExecutor - Initializing ExecutorService 'applicationTaskExecutor'
2022-04-07 10:09:55.044 [restartedMain] INFO  s.d.s.web.plugins.DocumentationPluginsBootstrapper - Context refreshed
2022-04-07 10:09:55.060 [restartedMain] INFO  s.d.s.web.plugins.DocumentationPluginsBootstrapper - Found 2 custom documentation plugin(s)
2022-04-07 10:09:55.091 [restartedMain] INFO  s.d.spring.web.scanners.ApiListingReferenceScanner - Scanning for api listing references
2022-04-07 10:09:55.288 [restartedMain] INFO  s.d.spring.web.scanners.ApiListingReferenceScanner - Scanning for api listing references
2022-04-07 10:09:55.295 [restartedMain] INFO  org.apache.coyote.http11.Http11NioProtocol - Starting ProtocolHandler ["http-nio-8201"]
2022-04-07 10:09:55.326 [restartedMain] INFO  o.s.boot.web.embedded.tomcat.TomcatWebServer - Tomcat started on port(s): 8201 (http) with context path ''
2022-04-07 10:09:55.328 [restartedMain] INFO  c.t.registration.hosptial.ServiceHospApplication - Started ServiceHospApplication in 5.967 seconds (JVM running for 7.617)
2022-04-07 10:10:15.471 [http-nio-8201-exec-1] INFO  o.a.c.core.ContainerBase.[Tomcat].[localhost].[/] - Initializing Spring DispatcherServlet 'dispatcherServlet'
2022-04-07 10:10:15.471 [http-nio-8201-exec-1] INFO  org.springframework.web.servlet.DispatcherServlet - Initializing Servlet 'dispatcherServlet'
2022-04-07 10:10:15.478 [http-nio-8201-exec-1] INFO  org.springframework.web.servlet.DispatcherServlet - Completed initialization in 7 ms
2022-04-07 10:10:15.615 [http-nio-8201-exec-2] INFO  com.zaxxer.hikari.HikariDataSource - HikariPool-1 - Starting...
2022-04-07 10:10:15.768 [http-nio-8201-exec-2] INFO  com.zaxxer.hikari.HikariDataSource - HikariPool-1 - Start completed.
2022-04-07 10:47:47.415 [restartedMain] INFO  com.tamayo.hospital.HospitalManageApplication - Starting HospitalManageApplication on DESKTOP-M14Q764 with PID 17160 (E:\project2022\registration_parent\hospital-manage\target\classes started by dell in E:\project2022\registration_parent)
2022-04-07 10:47:47.417 [restartedMain] INFO  com.tamayo.hospital.HospitalManageApplication - The following profiles are active: dev
2022-04-07 10:47:47.464 [restartedMain] INFO  o.s.b.d.env.DevToolsPropertyDefaultsPostProcessor - Devtools property defaults active! Set 'spring.devtools.add-properties' to 'false' to disable
2022-04-07 10:47:47.465 [restartedMain] INFO  o.s.b.d.env.DevToolsPropertyDefaultsPostProcessor - For additional web related logging consider setting the 'logging.level.web' property to 'DEBUG'
2022-04-07 10:47:48.209 [restartedMain] INFO  o.s.c.s.PostProcessorRegistrationDelegate$BeanPostProcessorChecker - Bean 'org.springframework.transaction.annotation.ProxyTransactionManagementConfiguration' of type [org.springframework.transaction.annotation.ProxyTransactionManagementConfiguration] is not eligible for getting processed by all BeanPostProcessors (for example: not eligible for auto-proxying)
2022-04-07 10:47:48.469 [restartedMain] INFO  o.s.boot.web.embedded.tomcat.TomcatWebServer - Tomcat initialized with port(s): 9998 (http)
2022-04-07 10:47:48.475 [restartedMain] INFO  org.apache.coyote.http11.Http11NioProtocol - Initializing ProtocolHandler ["http-nio-9998"]
2022-04-07 10:47:48.475 [restartedMain] INFO  org.apache.catalina.core.StandardService - Starting service [Tomcat]
2022-04-07 10:47:48.476 [restartedMain] INFO  org.apache.catalina.core.StandardEngine - Starting Servlet engine: [Apache Tomcat/9.0.27]
2022-04-07 10:47:48.556 [restartedMain] INFO  o.a.c.core.ContainerBase.[Tomcat].[localhost].[/] - Initializing Spring embedded WebApplicationContext
2022-04-07 10:47:48.557 [restartedMain] INFO  org.springframework.web.context.ContextLoader - Root WebApplicationContext: initialization completed in 1092 ms
2022-04-07 10:47:48.700 [restartedMain] INFO  com.zaxxer.hikari.HikariDataSource - HikariPool-1 - Starting...
2022-04-07 10:47:49.019 [restartedMain] INFO  com.zaxxer.hikari.HikariDataSource - HikariPool-1 - Start completed.
2022-04-07 10:47:49.348 [restartedMain] INFO  s.d.s.w.PropertySourcedRequestMappingHandlerMapping - Mapped URL path [/v2/api-docs] onto method [springfox.documentation.swagger2.web.Swagger2Controller#getDocumentation(String, HttpServletRequest)]
2022-04-07 10:47:49.410 [restartedMain] INFO  o.s.scheduling.concurrent.ThreadPoolTaskExecutor - Initializing ExecutorService 'applicationTaskExecutor'
2022-04-07 10:47:49.436 [restartedMain] INFO  o.s.b.d.autoconfigure.OptionalLiveReloadServer - LiveReload server is running on port 35729
2022-04-07 10:47:49.593 [restartedMain] INFO  s.d.s.web.plugins.DocumentationPluginsBootstrapper - Context refreshed
2022-04-07 10:47:49.603 [restartedMain] INFO  s.d.s.web.plugins.DocumentationPluginsBootstrapper - Found 1 custom documentation plugin(s)
2022-04-07 10:47:49.628 [restartedMain] INFO  s.d.spring.web.scanners.ApiListingReferenceScanner - Scanning for api listing references
2022-04-07 10:47:49.646 [restartedMain] INFO  org.apache.coyote.http11.Http11NioProtocol - Starting ProtocolHandler ["http-nio-9998"]
2022-04-07 10:47:49.667 [restartedMain] INFO  o.s.boot.web.embedded.tomcat.TomcatWebServer - Tomcat started on port(s): 9998 (http) with context path ''
2022-04-07 10:47:49.669 [restartedMain] INFO  com.tamayo.hospital.HospitalManageApplication - Started HospitalManageApplication in 2.924 seconds (JVM running for 4.165)
2022-04-07 10:48:15.694 [http-nio-9998-exec-1] INFO  o.a.c.core.ContainerBase.[Tomcat].[localhost].[/] - Initializing Spring DispatcherServlet 'dispatcherServlet'
2022-04-07 10:48:15.694 [http-nio-9998-exec-1] INFO  org.springframework.web.servlet.DispatcherServlet - Initializing Servlet 'dispatcherServlet'
2022-04-07 10:48:15.699 [http-nio-9998-exec-1] INFO  org.springframework.web.servlet.DispatcherServlet - Completed initialization in 5 ms
